<?xml version="1.0" encoding="UTF-8"?>
<!-- Generated by org.testng.reporters.JUnitReportReporter -->
<testsuite hostname="DESKTOP-66CQ6OQ" failures="0" tests="5" name="com.TestNGDemos.D02MultipleTest" time="50.926" errors="0" timestamp="2024-03-21T15:49:14 IST" skipped="0">
  <testcase classname="com.TestNGDemos.D02MultipleTest" name="OpenMeezsho" time="13.669"/>
  <system-out/>
  <testcase classname="com.TestNGDemos.D02MultipleTest" name="OpenMyntra" time="10.806"/>
  <system-out/>
  <testcase classname="com.TestNGDemos.D02MultipleTest" name="Openbewkoof" time="7.686"/>
  <system-out/>
  <testcase classname="com.TestNGDemos.D02MultipleTest" name="OpenZepto" time="8.904"/>
  <system-out/>
  <testcase classname="com.TestNGDemos.D02MultipleTest" name="OpenAmazon" time="9.861"/>
  <system-out/>
</testsuite> <!-- com.TestNGDemos.D02MultipleTest -->
