<?xml version="1.0" encoding="UTF-8"?>
<!-- Generated by org.testng.reporters.JUnitReportReporter -->
<testsuite hostname="DESKTOP-66CQ6OQ" failures="0" tests="1" name="com.TestNGDemos.D07Parameterization" time="2.152" errors="0" timestamp="2024-03-26T17:28:48 IST" skipped="0">
  <testcase classname="com.TestNGDemos.D07Parameterization" name="Login" time="2.152"/>
  <system-out/>
</testsuite> <!-- com.TestNGDemos.D07Parameterization -->
