<?xml version="1.0" encoding="UTF-8"?>
<!-- Generated by org.testng.reporters.JUnitReportReporter -->
<testsuite hostname="DESKTOP-66CQ6OQ" failures="0" tests="1" name="com.TestNGDemos.DO8KeywordDataDrivenTesting" time="16.830" errors="0" timestamp="2024-03-27T17:46:40 IST" skipped="0">
  <testcase classname="com.TestNGDemos.DO8KeywordDataDrivenTesting" name="login" time="16.830"/>
  <system-out/>
</testsuite> <!-- com.TestNGDemos.DO8KeywordDataDrivenTesting -->
