<?xml version="1.0" encoding="UTF-8"?>
<!-- Generated by org.testng.reporters.JUnitReportReporter -->
<testsuite hostname="DESKTOP-66CQ6OQ" failures="0" tests="3" name="com.TestNGDemos.D002AmazonTest02" time="40.497" errors="0" timestamp="2024-03-26T16:17:11 IST" skipped="0">
  <testcase classname="com.TestNGDemos.D002AmazonTest02" name="ClickonMobile" time="6.672"/>
  <system-out/>
  <testcase classname="com.TestNGDemos.D002AmazonTest02" name="ClickonElectronics" time="28.440"/>
  <system-out/>
  <testcase classname="com.TestNGDemos.D002AmazonTest02" name="ClickonGiftIdea" time="5.385"/>
  <system-out/>
</testsuite> <!-- com.TestNGDemos.D002AmazonTest02 -->
