<?xml version="1.0" encoding="UTF-8"?>
<!-- Generated by org.testng.reporters.JUnitReportReporter -->
<testsuite hostname="DESKTOP-66CQ6OQ" failures="0" tests="1" name="com.TestNGDemos.D01FirstTest" time="26.016" errors="0" timestamp="2024-03-21T15:27:57 IST" skipped="0">
  <testcase classname="com.TestNGDemos.D01FirstTest" name="OpenMyntra" time="26.016"/>
  <system-out/>
</testsuite> <!-- com.TestNGDemos.D01FirstTest -->
