<?xml version="1.0" encoding="UTF-8"?>
<!-- Generated by org.testng.reporters.JUnitReportReporter -->
<testsuite hostname="DESKTOP-66CQ6OQ" failures="0" tests="1" name="com.Assignment.A04Login_Logout" time="4.755" errors="0" timestamp="2024-03-22T22:04:48 IST" skipped="0">
  <testcase classname="com.Assignment.A04Login_Logout" name="LoginTest" time="4.755"/>
  <system-out/>
</testsuite> <!-- com.Assignment.A04Login_Logout -->
