<?xml version="1.0" encoding="UTF-8"?>
<!-- Generated by org.testng.reporters.JUnitReportReporter -->
<testsuite hostname="DESKTOP-66CQ6OQ" failures="0" tests="5" name="com.TestNGDemos.D05AmazonTest" time="48.540" errors="0" timestamp="2024-03-26T15:19:26 IST" skipped="0">
  <testcase classname="com.TestNGDemos.D05AmazonTest" name="ClickonBestSeller" time="9.408"/>
  <system-out/>
  <testcase classname="com.TestNGDemos.D05AmazonTest" name="ClickonMobile" time="6.298"/>
  <system-out/>
  <testcase classname="com.TestNGDemos.D05AmazonTest" name="ClickonTodayssDeal" time="5.406"/>
  <system-out/>
  <testcase classname="com.TestNGDemos.D05AmazonTest" name="ClickonElectronics" time="22.571"/>
  <system-out/>
  <testcase classname="com.TestNGDemos.D05AmazonTest" name="ClickonGiftIdea" time="4.857"/>
  <system-out/>
</testsuite> <!-- com.TestNGDemos.D05AmazonTest -->
