<?xml version="1.0" encoding="UTF-8"?>
<!-- Generated by org.testng.reporters.JUnitReportReporter -->
<testsuite hostname="DESKTOP-66CQ6OQ" failures="0" tests="4" name="com.TestNGDemos.D03SettingPriority" time="54.092" errors="0" timestamp="2024-03-21T16:06:18 IST" skipped="0">
  <testcase classname="com.TestNGDemos.D03SettingPriority" name="OpenZepto" time="12.910"/>
  <system-out/>
  <testcase classname="com.TestNGDemos.D03SettingPriority" name="OpenChrome" time="11.900"/>
  <system-out/>
  <testcase classname="com.TestNGDemos.D03SettingPriority" name="OpenMeezsho" time="19.846"/>
  <system-out/>
  <testcase classname="com.TestNGDemos.D03SettingPriority" name="OpenAmazon" time="9.436"/>
  <system-out/>
</testsuite> <!-- com.TestNGDemos.D03SettingPriority -->
