<?xml version="1.0" encoding="UTF-8"?>
<!-- Generated by org.testng.reporters.JUnitReportReporter -->
<testsuite hostname="DESKTOP-66CQ6OQ" failures="0" tests="1" name="com.TestNGDemos.POMClient" time="2.437" errors="0" timestamp="2024-03-12T15:57:46 IST" skipped="0">
  <testcase classname="com.TestNGDemos.POMClient" name="login" time="2.437"/>
  <system-out/>
</testsuite> <!-- com.TestNGDemos.POMClient -->
